09:31:57.663 [qtp2084457242-31] DEBUG b.c.f.r.DefaultUserRepository -
                Pessoa persistida com sucesso. 
09:31:58.291 [qtp2084457242-31] DEBUG b.c.f.service.DefaultUserService -
                Service : Usuario criado. 
09:31:58.339 [qtp2084457242-33] ERROR b.c.f.r.DefaultUserRepository -
                Email ja cadastrado 
09:31:58.340 [qtp2084457242-33] ERROR b.c.f.r.DefaultUserRepository -
                Email ja cadastrado 
09:31:58.342 [qtp2084457242-33] ERROR b.c.f.service.DefaultUserService -
                Email ja cadastrado 
15:10:37.409 [qtp333281415-37] DEBUG b.c.f.r.DefaultUserRepository -
                Pessoa persistida com sucesso. 
15:10:41.087 [qtp333281415-37] DEBUG b.c.f.service.DefaultUserService -
                Service : Usuario criado. 
15:10:41.114 [qtp333281415-36] ERROR b.c.f.r.DefaultUserRepository -
                Email ja cadastrado 
15:10:41.115 [qtp333281415-36] ERROR b.c.f.r.DefaultUserRepository -
                Email ja cadastrado 
15:10:41.116 [qtp333281415-36] ERROR b.c.f.service.DefaultUserService -
                Email ja cadastrado 
17:08:35.782 [qtp2053136992-37] DEBUG b.c.f.r.DefaultUserRepository -
                Pessoa persistida com sucesso. 
17:08:39.356 [qtp2053136992-37] DEBUG b.c.f.service.DefaultUserService -
                Service : Usuario criado. 
17:08:39.380 [qtp2053136992-36] ERROR b.c.f.r.DefaultUserRepository -
                Email ja cadastrado 
17:08:39.380 [qtp2053136992-36] ERROR b.c.f.r.DefaultUserRepository -
                Email ja cadastrado 
17:08:39.381 [qtp2053136992-36] ERROR b.c.f.service.DefaultUserService -
                Email ja cadastrado 
17:17:15.940 [qtp1950158148-36] DEBUG b.c.f.r.DefaultUserRepository -
                Pessoa persistida com sucesso. 
17:17:19.781 [qtp1950158148-36] DEBUG b.c.f.service.DefaultUserService -
                Service : Usuario criado. 
17:17:19.804 [qtp1950158148-38] ERROR b.c.f.r.DefaultUserRepository -
                Email ja cadastrado 
17:17:19.805 [qtp1950158148-38] ERROR b.c.f.r.DefaultUserRepository -
                Email ja cadastrado 
17:17:19.806 [qtp1950158148-38] ERROR b.c.f.service.DefaultUserService -
                Email ja cadastrado 
17:20:11.413 [qtp385349023-37] DEBUG b.c.f.r.DefaultUserRepository -
                Pessoa persistida com sucesso. 
17:20:17.631 [qtp385349023-37] DEBUG b.c.f.service.DefaultUserService -
                Service : Usuario criado. 
17:20:17.657 [qtp385349023-38] ERROR b.c.f.r.DefaultUserRepository -
                Email ja cadastrado 
17:20:17.658 [qtp385349023-38] ERROR b.c.f.r.DefaultUserRepository -
                Email ja cadastrado 
17:20:17.659 [qtp385349023-38] ERROR b.c.f.service.DefaultUserService -
                Email ja cadastrado 
17:22:11.279 [qtp2062755811-33] DEBUG b.c.f.r.DefaultUserRepository -
                Pessoa persistida com sucesso. 
17:22:14.869 [qtp2062755811-33] DEBUG b.c.f.service.DefaultUserService -
                Service : Usuario criado. 
17:22:14.893 [qtp2062755811-37] ERROR b.c.f.r.DefaultUserRepository -
                Email ja cadastrado 
17:22:14.894 [qtp2062755811-37] ERROR b.c.f.r.DefaultUserRepository -
                Email ja cadastrado 
17:22:14.894 [qtp2062755811-37] ERROR b.c.f.service.DefaultUserService -
                Email ja cadastrado 
17:39:39.606 [qtp1191544932-36] DEBUG b.c.f.r.DefaultUserRepository -
                Pessoa persistida com sucesso. 
17:39:45.107 [qtp1191544932-36] DEBUG b.c.f.service.DefaultUserService -
                Service : Usuario criado. 
17:39:45.131 [qtp1191544932-35] ERROR b.c.f.r.DefaultUserRepository -
                Email ja cadastrado 
17:39:45.132 [qtp1191544932-35] ERROR b.c.f.r.DefaultUserRepository -
                Email ja cadastrado 
17:39:45.133 [qtp1191544932-35] ERROR b.c.f.service.DefaultUserService -
                Email ja cadastrado 
17:45:09.147 [qtp2050410554-36] DEBUG b.c.f.r.DefaultUserRepository -
                Pessoa persistida com sucesso. 
17:45:12.969 [qtp2050410554-36] DEBUG b.c.f.service.DefaultUserService -
                Service : Usuario criado. 
17:45:12.993 [qtp2050410554-38] ERROR b.c.f.r.DefaultUserRepository -
                Email ja cadastrado 
17:45:12.993 [qtp2050410554-38] ERROR b.c.f.r.DefaultUserRepository -
                Email ja cadastrado 
17:45:12.994 [qtp2050410554-38] ERROR b.c.f.service.DefaultUserService -
                Email ja cadastrado 
17:50:39.365 [qtp894844492-37] DEBUG b.c.f.r.DefaultUserRepository -
                Pessoa persistida com sucesso. 
17:50:44.752 [qtp894844492-37] DEBUG b.c.f.service.DefaultUserService -
                Service : Usuario criado. 
17:50:44.776 [qtp894844492-36] ERROR b.c.f.r.DefaultUserRepository -
                Email ja cadastrado 
17:50:44.777 [qtp894844492-36] ERROR b.c.f.r.DefaultUserRepository -
                Email ja cadastrado 
17:50:44.777 [qtp894844492-36] ERROR b.c.f.service.DefaultUserService -
                Email ja cadastrado 
17:58:06.537 [qtp305334212-33] DEBUG b.c.f.r.DefaultUserRepository -
                Pessoa persistida com sucesso. 
17:58:10.099 [qtp305334212-33] DEBUG b.c.f.service.DefaultUserService -
                Service : Usuario criado. 
17:58:10.123 [qtp305334212-32] ERROR b.c.f.r.DefaultUserRepository -
                Email ja cadastrado 
17:58:10.124 [qtp305334212-32] ERROR b.c.f.r.DefaultUserRepository -
                Email ja cadastrado 
17:58:10.124 [qtp305334212-32] ERROR b.c.f.service.DefaultUserService -
                Email ja cadastrado 
18:01:45.156 [qtp1849546190-37] DEBUG b.c.f.r.DefaultUserRepository -
                Pessoa persistida com sucesso. 
18:01:50.077 [qtp1849546190-37] DEBUG b.c.f.service.DefaultUserService -
                Service : Usuario criado. 
18:01:50.099 [qtp1849546190-36] ERROR b.c.f.r.DefaultUserRepository -
                Email ja cadastrado 
18:01:50.100 [qtp1849546190-36] ERROR b.c.f.r.DefaultUserRepository -
                Email ja cadastrado 
18:01:50.100 [qtp1849546190-36] ERROR b.c.f.service.DefaultUserService -
                Email ja cadastrado 
18:09:23.639 [qtp39476366-36] DEBUG b.c.f.r.DefaultUserRepository -
                Pessoa persistida com sucesso. 
18:09:28.985 [qtp39476366-36] DEBUG b.c.f.service.DefaultUserService -
                Service : Usuario criado. 
18:09:29.007 [qtp39476366-35] ERROR b.c.f.r.DefaultUserRepository -
                Email ja cadastrado 
18:09:29.008 [qtp39476366-35] ERROR b.c.f.r.DefaultUserRepository -
                Email ja cadastrado 
18:09:29.008 [qtp39476366-35] ERROR b.c.f.service.DefaultUserService -
                Email ja cadastrado 
21:37:18.331 [qtp653745564-33] DEBUG b.c.f.r.DefaultUserRepository -
                Pessoa persistida com sucesso. 
21:37:22.003 [qtp653745564-33] DEBUG b.c.f.service.DefaultUserService -
                Service : Usuario criado. 
21:37:22.025 [qtp653745564-37] ERROR b.c.f.r.DefaultUserRepository -
                Email ja cadastrado 
21:37:22.026 [qtp653745564-37] ERROR b.c.f.r.DefaultUserRepository -
                Email ja cadastrado 
21:37:22.026 [qtp653745564-37] ERROR b.c.f.service.DefaultUserService -
                Email ja cadastrado 
22:05:22.602 [qtp26338900-35] DEBUG b.c.f.r.DefaultUserRepository -
                Pessoa persistida com sucesso. 
22:05:28.034 [qtp26338900-35] DEBUG b.c.f.service.DefaultUserService -
                Service : Usuario criado. 
22:05:28.059 [qtp26338900-37] ERROR b.c.f.r.DefaultUserRepository -
                Email ja cadastrado 
22:05:28.059 [qtp26338900-37] ERROR b.c.f.r.DefaultUserRepository -
                Email ja cadastrado 
22:05:28.060 [qtp26338900-37] ERROR b.c.f.service.DefaultUserService -
                Email ja cadastrado 
22:35:03.297 [qtp1869385029-34] DEBUG b.c.f.r.DefaultUserRepository -
                Pessoa persistida com sucesso. 
22:35:07.090 [qtp1869385029-34] DEBUG b.c.f.service.DefaultUserService -
                Service : Usuario criado. 
22:35:07.112 [qtp1869385029-38] ERROR b.c.f.r.DefaultUserRepository -
                Email ja cadastrado 
22:35:07.113 [qtp1869385029-38] ERROR b.c.f.r.DefaultUserRepository -
                Email ja cadastrado 
22:35:07.113 [qtp1869385029-38] ERROR b.c.f.service.DefaultUserService -
                Email ja cadastrado 
22:37:06.237 [qtp1223820621-37] DEBUG b.c.f.r.DefaultUserRepository -
                Pessoa persistida com sucesso. 
22:37:10.367 [qtp1223820621-37] DEBUG b.c.f.service.DefaultUserService -
                Service : Usuario criado. 
22:37:10.391 [qtp1223820621-35] ERROR b.c.f.r.DefaultUserRepository -
                Email ja cadastrado 
22:37:10.392 [qtp1223820621-35] ERROR b.c.f.r.DefaultUserRepository -
                Email ja cadastrado 
22:37:10.392 [qtp1223820621-35] ERROR b.c.f.service.DefaultUserService -
                Email ja cadastrado 
23:18:35.061 [qtp88094983-38] DEBUG b.c.f.r.DefaultUserRepository -
                Pessoa persistida com sucesso. 
23:18:38.922 [qtp88094983-38] DEBUG b.c.f.service.DefaultUserService -
                Service : Usuario criado. 
23:18:38.946 [qtp88094983-37] ERROR b.c.f.r.DefaultUserRepository -
                Email ja cadastrado 
23:18:38.947 [qtp88094983-37] ERROR b.c.f.r.DefaultUserRepository -
                Email ja cadastrado 
23:18:38.948 [qtp88094983-37] ERROR b.c.f.service.DefaultUserService -
                Email ja cadastrado 
23:23:59.531 [qtp1501382858-37] DEBUG b.c.f.r.DefaultUserRepository -
                Pessoa persistida com sucesso. 
23:24:03.245 [qtp1501382858-37] DEBUG b.c.f.service.DefaultUserService -
                Service : Usuario criado. 
23:24:03.268 [qtp1501382858-35] ERROR b.c.f.r.DefaultUserRepository -
                Email ja cadastrado 
23:24:03.269 [qtp1501382858-35] ERROR b.c.f.r.DefaultUserRepository -
                Email ja cadastrado 
23:24:03.270 [qtp1501382858-35] ERROR b.c.f.service.DefaultUserService -
                Email ja cadastrado 
23:35:48.396 [qtp406265225-34] DEBUG b.c.f.r.DefaultUserRepository -
                Pessoa persistida com sucesso. 
23:35:52.071 [qtp406265225-34] DEBUG b.c.f.service.DefaultUserService -
                Service : Usuario criado. 
23:35:52.095 [qtp406265225-38] ERROR b.c.f.r.DefaultUserRepository -
                Email ja cadastrado 
23:35:52.096 [qtp406265225-38] ERROR b.c.f.r.DefaultUserRepository -
                Email ja cadastrado 
23:35:52.097 [qtp406265225-38] ERROR b.c.f.service.DefaultUserService -
                Email ja cadastrado 
23:44:38.977 [qtp1752894940-36] DEBUG b.c.f.r.DefaultUserRepository -
                Pessoa persistida com sucesso. 
23:44:42.662 [qtp1752894940-36] DEBUG b.c.f.service.DefaultUserService -
                Service : Usuario criado. 
23:44:42.687 [qtp1752894940-38] ERROR b.c.f.r.DefaultUserRepository -
                Email ja cadastrado 
23:44:42.688 [qtp1752894940-38] ERROR b.c.f.r.DefaultUserRepository -
                Email ja cadastrado 
23:44:42.688 [qtp1752894940-38] ERROR b.c.f.service.DefaultUserService -
                Email ja cadastrado 
