01:14:08.297 [qtp300111306-36] ERROR b.c.f.r.DefaultUserRepository -
                org.hibernate.hql.internal.ast.QuerySyntaxException: unexpected token: = near line 1, column 63 [SELECT u FROM br.com.fabricio.model.User u WHERE u.email Like = :email ] 
01:14:08.301 [qtp300111306-36] ERROR b.c.f.service.DefaultUserService -
                org.hibernate.hql.internal.ast.QuerySyntaxException: unexpected token: = near line 1, column 63 [SELECT u FROM br.com.fabricio.model.User u WHERE u.email Like = :email ] 
01:14:08.361 [qtp300111306-33] ERROR b.c.f.r.DefaultUserRepository -
                org.hibernate.hql.internal.ast.QuerySyntaxException: unexpected token: = near line 1, column 63 [SELECT u FROM br.com.fabricio.model.User u WHERE u.email Like = :email ] 
01:14:08.362 [qtp300111306-33] ERROR b.c.f.service.DefaultUserService -
                org.hibernate.hql.internal.ast.QuerySyntaxException: unexpected token: = near line 1, column 63 [SELECT u FROM br.com.fabricio.model.User u WHERE u.email Like = :email ] 
15:58:40.882 [qtp2053136992-35] ERROR b.c.f.r.DefaultUserRepository -
                Parameter with that name [Email] did not exist 
15:58:40.887 [qtp2053136992-35] ERROR b.c.f.service.DefaultUserService -
                Parameter with that name [Email] did not exist 
15:58:40.924 [qtp2053136992-37] ERROR b.c.f.r.DefaultUserRepository -
                Parameter with that name [Email] did not exist 
15:58:40.925 [qtp2053136992-37] ERROR b.c.f.service.DefaultUserService -
                Parameter with that name [Email] did not exist 
16:00:14.799 [qtp154923232-37] ERROR b.c.f.r.DefaultUserRepository -
                Email ja cadastrado 
16:00:14.800 [qtp154923232-37] ERROR b.c.f.r.DefaultUserRepository -
                Email ja cadastrado 
16:00:14.804 [qtp154923232-37] ERROR b.c.f.service.DefaultUserService -
                Email ja cadastrado 
16:00:14.826 [qtp154923232-36] ERROR b.c.f.r.DefaultUserRepository -
                Email ja cadastrado 
16:00:14.826 [qtp154923232-36] ERROR b.c.f.r.DefaultUserRepository -
                Email ja cadastrado 
16:00:14.827 [qtp154923232-36] ERROR b.c.f.service.DefaultUserService -
                Email ja cadastrado 
17:48:24.072 [qtp1300359226-38] ERROR b.c.f.r.DefaultUserRepository -
                Email ja cadastrado 
17:48:24.073 [qtp1300359226-38] ERROR b.c.f.r.DefaultUserRepository -
                Email ja cadastrado 
17:48:24.075 [qtp1300359226-38] ERROR b.c.f.service.DefaultUserService -
                Email ja cadastrado 
17:48:24.095 [qtp1300359226-36] ERROR b.c.f.r.DefaultUserRepository -
                Email ja cadastrado 
17:48:24.095 [qtp1300359226-36] ERROR b.c.f.r.DefaultUserRepository -
                Email ja cadastrado 
17:48:24.096 [qtp1300359226-36] ERROR b.c.f.service.DefaultUserService -
                Email ja cadastrado 
17:53:55.302 [qtp2055183685-39] ERROR b.c.f.r.DefaultUserRepository -
                Email ja cadastrado 
17:53:55.303 [qtp2055183685-39] ERROR b.c.f.r.DefaultUserRepository -
                Email ja cadastrado 
17:53:55.307 [qtp2055183685-39] ERROR b.c.f.service.DefaultUserService -
                Email ja cadastrado 
17:53:55.334 [qtp2055183685-36] ERROR b.c.f.r.DefaultUserRepository -
                Email ja cadastrado 
17:53:55.335 [qtp2055183685-36] ERROR b.c.f.r.DefaultUserRepository -
                Email ja cadastrado 
17:53:55.335 [qtp2055183685-36] ERROR b.c.f.service.DefaultUserService -
                Email ja cadastrado 
17:54:58.007 [qtp1623670360-38] ERROR b.c.f.r.DefaultUserRepository -
                Email ja cadastrado 
17:54:58.007 [qtp1623670360-38] ERROR b.c.f.r.DefaultUserRepository -
                Email ja cadastrado 
17:54:58.011 [qtp1623670360-38] ERROR b.c.f.service.DefaultUserService -
                Email ja cadastrado 
17:54:58.037 [qtp1623670360-37] ERROR b.c.f.r.DefaultUserRepository -
                Email ja cadastrado 
17:54:58.037 [qtp1623670360-37] ERROR b.c.f.r.DefaultUserRepository -
                Email ja cadastrado 
17:54:58.038 [qtp1623670360-37] ERROR b.c.f.service.DefaultUserService -
                Email ja cadastrado 
18:02:48.830 [qtp1623670360-36] ERROR b.c.f.r.DefaultUserRepository -
                Email ja cadastrado 
18:02:48.831 [qtp1623670360-36] ERROR b.c.f.r.DefaultUserRepository -
                Email ja cadastrado 
18:02:48.836 [qtp1623670360-36] ERROR b.c.f.service.DefaultUserService -
                Email ja cadastrado 
18:02:48.859 [qtp1623670360-36] ERROR b.c.f.r.DefaultUserRepository -
                Email ja cadastrado 
18:02:48.859 [qtp1623670360-36] ERROR b.c.f.r.DefaultUserRepository -
                Email ja cadastrado 
18:02:48.860 [qtp1623670360-36] ERROR b.c.f.service.DefaultUserService -
                Email ja cadastrado 
18:46:48.561 [qtp2126751933-38] ERROR b.c.f.r.DefaultUserRepository -
                Email ja cadastrado 
18:46:48.562 [qtp2126751933-38] ERROR b.c.f.r.DefaultUserRepository -
                Email ja cadastrado 
18:46:48.566 [qtp2126751933-38] ERROR b.c.f.service.DefaultUserService -
                Email ja cadastrado 
18:46:48.592 [qtp2126751933-38] ERROR b.c.f.r.DefaultUserRepository -
                Email ja cadastrado 
18:46:48.592 [qtp2126751933-38] ERROR b.c.f.r.DefaultUserRepository -
                Email ja cadastrado 
18:46:48.593 [qtp2126751933-38] ERROR b.c.f.service.DefaultUserService -
                Email ja cadastrado 
18:51:13.848 [qtp2094398708-37] ERROR b.c.f.r.DefaultUserRepository -
                Email ja cadastrado 
18:51:13.849 [qtp2094398708-37] ERROR b.c.f.r.DefaultUserRepository -
                Email ja cadastrado 
18:51:13.853 [qtp2094398708-37] ERROR b.c.f.service.DefaultUserService -
                Email ja cadastrado 
18:51:13.883 [qtp2094398708-38] ERROR b.c.f.r.DefaultUserRepository -
                Email ja cadastrado 
18:51:13.884 [qtp2094398708-38] ERROR b.c.f.r.DefaultUserRepository -
                Email ja cadastrado 
18:51:13.884 [qtp2094398708-38] ERROR b.c.f.service.DefaultUserService -
                Email ja cadastrado 
19:00:16.587 [qtp1893088773-37] ERROR b.c.f.r.DefaultUserRepository -
                Parameter with that name [email] did not exist 
19:00:16.593 [qtp1893088773-37] ERROR b.c.f.service.DefaultUserService -
                Parameter with that name [email] did not exist 
19:00:16.632 [qtp1893088773-31] ERROR b.c.f.r.DefaultUserRepository -
                Parameter with that name [email] did not exist 
19:00:16.633 [qtp1893088773-31] ERROR b.c.f.service.DefaultUserService -
                Parameter with that name [email] did not exist 
19:01:51.677 [qtp1674938191-33] ERROR b.c.f.r.DefaultUserRepository -
                Parameter with that name [email] did not exist 
19:01:51.684 [qtp1674938191-33] ERROR b.c.f.service.DefaultUserService -
                Parameter with that name [email] did not exist 
19:01:51.738 [qtp1674938191-38] ERROR b.c.f.r.DefaultUserRepository -
                Parameter with that name [email] did not exist 
19:01:51.739 [qtp1674938191-38] ERROR b.c.f.service.DefaultUserService -
                Parameter with that name [email] did not exist 
19:08:19.686 [qtp981012032-37] ERROR b.c.f.r.DefaultUserRepository -
                Parameter with that name [email] did not exist 
19:08:19.693 [qtp981012032-37] ERROR b.c.f.service.DefaultUserService -
                Parameter with that name [email] did not exist 
19:08:19.741 [qtp981012032-37] ERROR b.c.f.r.DefaultUserRepository -
                Parameter with that name [email] did not exist 
19:08:19.742 [qtp981012032-37] ERROR b.c.f.service.DefaultUserService -
                Parameter with that name [email] did not exist 
